2014-07-22 14:00:26,881 - cn.bstar.gale.boss.util.SnmpOp -114884 [Timer-0] DEBUG cn.bstar.gale.boss.util.SnmpOp  - The index is 10 memCached-2136312
2014-07-22 14:00:26,881 - cn.bstar.gale.boss.util.SnmpOp -114884 [Timer-0] DEBUG cn.bstar.gale.boss.util.SnmpOp  - The index is 11 diskTotal-100791728
2014-07-22 14:00:26,881 - cn.bstar.gale.boss.util.SnmpOp -114884 [Timer-0] DEBUG cn.bstar.gale.boss.util.SnmpOp  - The index is 12 diskAvail-78621696
2014-07-22 14:00:26,881 - cn.bstar.gale.boss.util.SnmpOp -114884 [Timer-0] DEBUG cn.bstar.gale.boss.util.SnmpOp  - The index is 13 cpuUsage-18
2014-07-22 14:00:26,881 - cn.bstar.gale.boss.util.SnmpOp -114884 [Timer-0] DEBUG cn.bstar.gale.boss.util.SnmpOp  - The index is 14 netFlow-2501687224
2014-07-22 14:00:31,900 - cn.bstar.gale.boss.util.SnmpOp -119903 [Timer-0] INFO  cn.bstar.gale.boss.util.SnmpOp  - SNMP Connect to 192.168.20.131 response status: Success
2014-07-22 14:00:31,900 - cn.bstar.gale.boss.util.SnmpOp -119903 [Timer-0] INFO  cn.bstar.gale.boss.util.SnmpOp  - responsePDU.size():375
2014-07-22 14:00:31,901 - cn.bstar.gale.boss.util.SnmpOp -119904 [Timer-0] DEBUG cn.bstar.gale.boss.util.SnmpOp  - The index is 0 sysUpTime-3:19:39.53
2014-07-22 14:00:31,901 - cn.bstar.gale.boss.util.SnmpOp -119904 [Timer-0] DEBUG cn.bstar.gale.boss.util.SnmpOp  - The index is 1 sysDescr-Linux node01 2.6.32-358.123.2.openstack.el6.x86_64 #1 SMP Thu Sep 26 17:14:58 EDT 2013 x86_64
2014-07-22 14:00:31,901 - cn.bstar.gale.boss.util.SnmpOp -119904 [Timer-0] DEBUG cn.bstar.gale.boss.util.SnmpOp  - The index is 2 sysUpName-node01
2014-07-22 14:00:31,901 - cn.bstar.gale.boss.util.SnmpOp -119904 [Timer-0] DEBUG cn.bstar.gale.boss.util.SnmpOp  - The index is 3 sysUserNums-2
2014-07-22 14:00:31,901 - cn.bstar.gale.boss.util.SnmpOp -119904 [Timer-0] DEBUG cn.bstar.gale.boss.util.SnmpOp  - The index is 4 sysProcesses-1007
2014-07-22 14:00:31,901 - cn.bstar.gale.boss.util.SnmpOp -119904 [Timer-0] DEBUG cn.bstar.gale.boss.util.SnmpOp  - The index is 5 memTotalSwap-8191992
2014-07-22 14:00:31,901 - cn.bstar.gale.boss.util.SnmpOp -119904 [Timer-0] DEBUG cn.bstar.gale.boss.util.SnmpOp  - The index is 6 memAvailSwap-8191992
2014-07-22 14:00:31,901 - cn.bstar.gale.boss.util.SnmpOp -119904 [Timer-0] DEBUG cn.bstar.gale.boss.util.SnmpOp  - The index is 7 memTotalReal-49457876
2014-07-22 14:00:31,901 - cn.bstar.gale.boss.util.SnmpOp -119904 [Timer-0] DEBUG cn.bstar.gale.boss.util.SnmpOp  - The index is 8 memAvailReal-38128284
2014-07-22 14:00:31,901 - cn.bstar.gale.boss.util.SnmpOp -119904 [Timer-0] DEBUG cn.bstar.gale.boss.util.SnmpOp  - The index is 9 memBuffer-383636
2014-07-22 14:00:31,901 - cn.bstar.gale.boss.util.SnmpOp -119904 [Timer-0] DEBUG cn.bstar.gale.boss.util.SnmpOp  - The index is 10 memCached-2136320
2014-07-22 14:00:31,901 - cn.bstar.gale.boss.util.SnmpOp -119904 [Timer-0] DEBUG cn.bstar.gale.boss.util.SnmpOp  - The index is 11 diskTotal-100791728
2014-07-22 14:00:31,902 - cn.bstar.gale.boss.util.SnmpOp -119905 [Timer-0] DEBUG cn.bstar.gale.boss.util.SnmpOp  - The index is 12 diskAvail-78621680
2014-07-22 14:00:31,902 - cn.bstar.gale.boss.util.SnmpOp -119905 [Timer-0] DEBUG cn.bstar.gale.boss.util.SnmpOp  - The index is 13 cpuUsage-18
2014-07-22 14:00:31,902 - cn.bstar.gale.boss.util.SnmpOp -119905 [Timer-0] DEBUG cn.bstar.gale.boss.util.SnmpOp  - The index is 14 netFlow-2501687224
2014-07-22 14:00:36,883 - cn.bstar.gale.boss.util.SnmpOp -124886 [Timer-0] INFO  cn.bstar.gale.boss.util.SnmpOp  - SNMP Connect to 192.168.20.131 response status: Success
2014-07-22 14:00:36,883 - cn.bstar.gale.boss.util.SnmpOp -124886 [Timer-0] INFO  cn.bstar.gale.boss.util.SnmpOp  - responsePDU.size():390
2014-07-22 14:00:36,884 - cn.bstar.gale.boss.util.SnmpOp -124887 [Timer-0] DEBUG cn.bstar.gale.boss.util.SnmpOp  - The index is 0 sysUpTime-3:19:44.51
2014-07-22 14:00:36,884 - cn.bstar.gale.boss.util.SnmpOp -124887 [Timer-0] DEBUG cn.bstar.gale.boss.util.SnmpOp  - The index is 1 sysDescr-Linux node01 2.6.32-358.123.2.openstack.el6.x86_64 #1 SMP Thu Sep 26 17:14:58 EDT 2013 x86_64
2014-07-22 14:00:36,884 - cn.bstar.gale.boss.util.SnmpOp -124887 [Timer-0] DEBUG cn.bstar.gale.boss.util.SnmpOp  - The index is 2 sysUpName-node01
2014-07-22 14:00:36,885 - cn.bstar.gale.boss.util.SnmpOp -124888 [Timer-0] DEBUG cn.bstar.gale.boss.util.SnmpOp  - The index is 3 sysUserNums-2
2014-07-22 14:00:36,885 - cn.bstar.gale.boss.util.SnmpOp -124888 [Timer-0] DEBUG cn.bstar.gale.boss.util.SnmpOp  - The index is 4 sysProcesses-1005
2014-07-22 14:00:36,885 - cn.bstar.gale.boss.util.SnmpOp -124888 [Timer-0] DEBUG cn.bstar.gale.boss.util.SnmpOp  - The index is 5 memTotalSwap-8191992
2014-07-22 14:00:36,885 - cn.bstar.gale.boss.util.SnmpOp -124888 [Timer-0] DEBUG cn.bstar.gale.boss.util.SnmpOp  - The index is 6 memAvailSwap-8191992
2014-07-22 14:00:36,885 - cn.bstar.gale.boss.util.SnmpOp -124888 [Timer-0] DEBUG cn.bstar.gale.boss.util.SnmpOp  - The index is 7 memTotalReal-49457876
2014-07-22 14:00:36,885 - cn.bstar.gale.boss.util.SnmpOp -124888 [Timer-0] DEBUG cn.bstar.gale.boss.util.SnmpOp  - The index is 8 memAvailReal-38128284
2014-07-22 14:00:36,885 - cn.bstar.gale.boss.util.SnmpOp -124888 [Timer-0] DEBUG cn.bstar.gale.boss.util.SnmpOp  - The index is 9 memBuffer-383636
2014-07-22 14:00:36,885 - cn.bstar.gale.boss.util.SnmpOp -124888 [Timer-0] DEBUG cn.bstar.gale.boss.util.SnmpOp  - The index is 10 memCached-2136320
2014-07-22 14:00:36,885 - cn.bstar.gale.boss.util.SnmpOp -124888 [Timer-0] DEBUG cn.bstar.gale.boss.util.SnmpOp  - The index is 11 diskTotal-100791728
2014-07-22 14:00:36,886 - cn.bstar.gale.boss.util.SnmpOp -124889 [Timer-0] DEBUG cn.bstar.gale.boss.util.SnmpOp  - The index is 12 diskAvail-78621664
2014-07-22 14:00:36,886 - cn.bstar.gale.boss.util.SnmpOp -124889 [Timer-0] DEBUG cn.bstar.gale.boss.util.SnmpOp  - The index is 13 cpuUsage-18
2014-07-22 14:00:36,886 - cn.bstar.gale.boss.util.SnmpOp -124889 [Timer-0] DEBUG cn.bstar.gale.boss.util.SnmpOp  - The index is 14 netFlow-2501687224
2014-07-22 14:00:41,882 - cn.bstar.gale.boss.util.SnmpOp -129885 [Timer-0] INFO  cn.bstar.gale.boss.util.SnmpOp  - SNMP Connect to 192.168.20.131 response status: Success
2014-07-22 14:00:41,883 - cn.bstar.gale.boss.util.SnmpOp -129886 [Timer-0] INFO  cn.bstar.gale.boss.util.SnmpOp  - responsePDU.size():405
2014-07-22 14:00:41,883 - cn.bstar.gale.boss.util.SnmpOp -129886 [Timer-0] DEBUG cn.bstar.gale.boss.util.SnmpOp  - The index is 0 sysUpTime-3:19:49.51
2014-07-22 14:00:41,883 - cn.bstar.gale.boss.util.SnmpOp -129886 [Timer-0] DEBUG cn.bstar.gale.boss.util.SnmpOp  - The index is 1 sysDescr-Linux node01 2.6.32-358.123.2.openstack.el6.x86_64 #1 SMP Thu Sep 26 17:14:58 EDT 2013 x86_64
2014-07-22 14:00:41,884 - cn.bstar.gale.boss.util.SnmpOp -129887 [Timer-0] DEBUG cn.bstar.gale.boss.util.SnmpOp  - The index is 2 sysUpName-node01
2014-07-22 14:00:41,884 - cn.bstar.gale.boss.util.SnmpOp -129887 [Timer-0] DEBUG cn.bstar.gale.boss.util.SnmpOp  - The index is 3 sysUserNums-2
2014-07-22 14:00:41,884 - cn.bstar.gale.boss.util.SnmpOp -129887 [Timer-0] DEBUG cn.bstar.gale.boss.util.SnmpOp  - The index is 4 sysProcesses-1005
2014-07-22 14:00:41,884 - cn.bstar.gale.boss.util.SnmpOp -129887 [Timer-0] DEBUG cn.bstar.gale.boss.util.SnmpOp  - The index is 5 memTotalSwap-8191992
2014-07-22 14:00:41,884 - cn.bstar.gale.boss.util.SnmpOp -129887 [Timer-0] DEBUG cn.bstar.gale.boss.util.SnmpOp  - The index is 6 memAvailSwap-8191992
2014-07-22 14:00:41,884 - cn.bstar.gale.boss.util.SnmpOp -129887 [Timer-0] DEBUG cn.bstar.gale.boss.util.SnmpOp  - The index is 7 memTotalReal-49457876
2014-07-22 14:00:41,884 - cn.bstar.gale.boss.util.SnmpOp -129887 [Timer-0] DEBUG cn.bstar.gale.boss.util.SnmpOp  - The index is 8 memAvailReal-38127312
2014-07-22 14:00:41,884 - cn.bstar.gale.boss.util.SnmpOp -129887 [Timer-0] DEBUG cn.bstar.gale.boss.util.SnmpOp  - The index is 9 memBuffer-383636
2014-07-22 14:00:41,884 - cn.bstar.gale.boss.util.SnmpOp -129887 [Timer-0] DEBUG cn.bstar.gale.boss.util.SnmpOp  - The index is 10 memCached-2136340
2014-07-22 14:00:41,884 - cn.bstar.gale.boss.util.SnmpOp -129887 [Timer-0] DEBUG cn.bstar.gale.boss.util.SnmpOp  - The index is 11 diskTotal-100791728
2014-07-22 14:00:41,884 - cn.bstar.gale.boss.util.SnmpOp -129887 [Timer-0] DEBUG cn.bstar.gale.boss.util.SnmpOp  - The index is 12 diskAvail-78621648
2014-07-22 14:00:41,884 - cn.bstar.gale.boss.util.SnmpOp -129887 [Timer-0] DEBUG cn.bstar.gale.boss.util.SnmpOp  - The index is 13 cpuUsage-18
2014-07-22 14:00:41,884 - cn.bstar.gale.boss.util.SnmpOp -129887 [Timer-0] DEBUG cn.bstar.gale.boss.util.SnmpOp  - The index is 14 netFlow-2501826271
2014-07-22 14:00:46,883 - cn.bstar.gale.boss.util.SnmpOp -134886 [Timer-0] INFO  cn.bstar.gale.boss.util.SnmpOp  - SNMP Connect to 192.168.20.131 response status: Success
2014-07-22 14:00:46,883 - cn.bstar.gale.boss.util.SnmpOp -134886 [Timer-0] INFO  cn.bstar.gale.boss.util.SnmpOp  - responsePDU.size():420
2014-07-22 14:00:46,884 - cn.bstar.gale.boss.util.SnmpOp -134887 [Timer-0] DEBUG cn.bstar.gale.boss.util.SnmpOp  - The index is 0 sysUpTime-3:19:54.51
2014-07-22 14:00:46,884 - cn.bstar.gale.boss.util.SnmpOp -134887 [Timer-0] DEBUG cn.bstar.gale.boss.util.SnmpOp  - The index is 1 sysDescr-Linux node01 2.6.32-358.123.2.openstack.el6.x86_64 #1 SMP Thu Sep 26 17:14:58 EDT 2013 x86_64
2014-07-22 14:00:46,884 - cn.bstar.gale.boss.util.SnmpOp -134887 [Timer-0] DEBUG cn.bstar.gale.boss.util.SnmpOp  - The index is 2 sysUpName-node01
2014-07-22 14:00:46,885 - cn.bstar.gale.boss.util.SnmpOp -134888 [Timer-0] DEBUG cn.bstar.gale.boss.util.SnmpOp  - The index is 3 sysUserNums-2
2014-07-22 14:00:46,885 - cn.bstar.gale.boss.util.SnmpOp -134888 [Timer-0] DEBUG cn.bstar.gale.boss.util.SnmpOp  - The index is 4 sysProcesses-1009
2014-07-22 14:00:46,885 - cn.bstar.gale.boss.util.SnmpOp -134888 [Timer-0] DEBUG cn.bstar.gale.boss.util.SnmpOp  - The index is 5 memTotalSwap-8191992
2014-07-22 14:00:46,885 - cn.bstar.gale.boss.util.SnmpOp -134888 [Timer-0] DEBUG cn.bstar.gale.boss.util.SnmpOp  - The index is 6 memAvailSwap-8191992
2014-07-22 14:00:46,885 - cn.bstar.gale.boss.util.SnmpOp -134888 [Timer-0] DEBUG cn.bstar.gale.boss.util.SnmpOp  - The index is 7 memTotalReal-49457876
2014-07-22 14:00:46,885 - cn.bstar.gale.boss.util.SnmpOp -134888 [Timer-0] DEBUG cn.bstar.gale.boss.util.SnmpOp  - The index is 8 memAvailReal-38127312
2014-07-22 14:00:46,885 - cn.bstar.gale.boss.util.SnmpOp -134888 [Timer-0] DEBUG cn.bstar.gale.boss.util.SnmpOp  - The index is 9 memBuffer-383636
2014-07-22 14:00:46,885 - cn.bstar.gale.boss.util.SnmpOp -134888 [Timer-0] DEBUG cn.bstar.gale.boss.util.SnmpOp  - The index is 10 memCached-2136340
2014-07-22 14:00:46,885 - cn.bstar.gale.boss.util.SnmpOp -134888 [Timer-0] DEBUG cn.bstar.gale.boss.util.SnmpOp  - The index is 11 diskTotal-100791728
2014-07-22 14:00:46,886 - cn.bstar.gale.boss.util.SnmpOp -134889 [Timer-0] DEBUG cn.bstar.gale.boss.util.SnmpOp  - The index is 12 diskAvail-78621656
2014-07-22 14:00:46,886 - cn.bstar.gale.boss.util.SnmpOp -134889 [Timer-0] DEBUG cn.bstar.gale.boss.util.SnmpOp  - The index is 13 cpuUsage-18
2014-07-22 14:00:46,886 - cn.bstar.gale.boss.util.SnmpOp -134889 [Timer-0] DEBUG cn.bstar.gale.boss.util.SnmpOp  - The index is 14 netFlow-2501826271
2014-07-22 14:00:51,886 - cn.bstar.gale.boss.util.SnmpOp -139889 [Timer-0] INFO  cn.bstar.gale.boss.util.SnmpOp  - SNMP Connect to 192.168.20.131 response status: Success
2014-07-22 14:00:51,887 - cn.bstar.gale.boss.util.SnmpOp -139890 [Timer-0] INFO  cn.bstar.gale.boss.util.SnmpOp  - responsePDU.size():435
2014-07-22 14:00:51,888 - cn.bstar.gale.boss.util.SnmpOp -139891 [Timer-0] DEBUG cn.bstar.gale.boss.util.SnmpOp  - The index is 0 sysUpTime-3:19:59.51
2014-07-22 14:00:51,888 - cn.bstar.gale.boss.util.SnmpOp -139891 [Timer-0] DEBUG cn.bstar.gale.boss.util.SnmpOp  - The index is 1 sysDescr-Linux node01 2.6.32-358.123.2.openstack.el6.x86_64 #1 SMP Thu Sep 26 17:14:58 EDT 2013 x86_64
2014-07-22 14:00:51,888 - cn.bstar.gale.boss.util.SnmpOp -139891 [Timer-0] DEBUG cn.bstar.gale.boss.util.SnmpOp  - The index is 2 sysUpName-node01
2014-07-22 14:00:51,888 - cn.bstar.gale.boss.util.SnmpOp -139891 [Timer-0] DEBUG cn.bstar.gale.boss.util.SnmpOp  - The index is 3 sysUserNums-2
2014-07-22 14:00:51,888 - cn.bstar.gale.boss.util.SnmpOp -139891 [Timer-0] DEBUG cn.bstar.gale.boss.util.SnmpOp  - The index is 4 sysProcesses-1005
2014-07-22 14:00:51,888 - cn.bstar.gale.boss.util.SnmpOp -139891 [Timer-0] DEBUG cn.bstar.gale.boss.util.SnmpOp  - The index is 5 memTotalSwap-8191992
2014-07-22 14:00:51,888 - cn.bstar.gale.boss.util.SnmpOp -139891 [Timer-0] DEBUG cn.bstar.gale.boss.util.SnmpOp  - The index is 6 memAvailSwap-8191992
2014-07-22 14:00:51,889 - cn.bstar.gale.boss.util.SnmpOp -139892 [Timer-0] DEBUG cn.bstar.gale.boss.util.SnmpOp  - The index is 7 memTotalReal-49457876
2014-07-22 14:00:51,889 - cn.bstar.gale.boss.util.SnmpOp -139892 [Timer-0] DEBUG cn.bstar.gale.boss.util.SnmpOp  - The index is 8 memAvailReal-38128052
2014-07-22 14:00:51,889 - cn.bstar.gale.boss.util.SnmpOp -139892 [Timer-0] DEBUG cn.bstar.gale.boss.util.SnmpOp  - The index is 9 memBuffer-383636
2014-07-22 14:00:51,889 - cn.bstar.gale.boss.util.SnmpOp -139892 [Timer-0] DEBUG cn.bstar.gale.boss.util.SnmpOp  - The index is 10 memCached-2136348
2014-07-22 14:00:51,889 - cn.bstar.gale.boss.util.SnmpOp -139892 [Timer-0] DEBUG cn.bstar.gale.boss.util.SnmpOp  - The index is 11 diskTotal-100791728
2014-07-22 14:00:51,889 - cn.bstar.gale.boss.util.SnmpOp -139892 [Timer-0] DEBUG cn.bstar.gale.boss.util.SnmpOp  - The index is 12 diskAvail-78621672
2014-07-22 14:00:51,889 - cn.bstar.gale.boss.util.SnmpOp -139892 [Timer-0] DEBUG cn.bstar.gale.boss.util.SnmpOp  - The index is 13 cpuUsage-18
2014-07-22 14:00:51,889 - cn.bstar.gale.boss.util.SnmpOp -139892 [Timer-0] DEBUG cn.bstar.gale.boss.util.SnmpOp  - The index is 14 netFlow-2501826271
2014-07-22 14:00:56,886 - cn.bstar.gale.boss.util.SnmpOp -144889 [Timer-0] INFO  cn.bstar.gale.boss.util.SnmpOp  - SNMP Connect to 192.168.20.131 response status: Success
2014-07-22 14:00:56,886 - cn.bstar.gale.boss.util.SnmpOp -144889 [Timer-0] INFO  cn.bstar.gale.boss.util.SnmpOp  - responsePDU.size():450
2014-07-22 14:00:56,887 - cn.bstar.gale.boss.util.SnmpOp -144890 [Timer-0] DEBUG cn.bstar.gale.boss.util.SnmpOp  - The index is 0 sysUpTime-3:20:04.51
2014-07-22 14:00:56,887 - cn.bstar.gale.boss.util.SnmpOp -144890 [Timer-0] DEBUG cn.bstar.gale.boss.util.SnmpOp  - The index is 1 sysDescr-Linux node01 2.6.32-358.123.2.openstack.el6.x86_64 #1 SMP Thu Sep 26 17:14:58 EDT 2013 x86_64
2014-07-22 14:00:56,887 - cn.bstar.gale.boss.util.SnmpOp -144890 [Timer-0] DEBUG cn.bstar.gale.boss.util.SnmpOp  - The index is 2 sysUpName-node01
2014-07-22 14:00:56,887 - cn.bstar.gale.boss.util.SnmpOp -144890 [Timer-0] DEBUG cn.bstar.gale.boss.util.SnmpOp  - The index is 3 sysUserNums-2
2014-07-22 14:00:56,887 - cn.bstar.gale.boss.util.SnmpOp -144890 [Timer-0] DEBUG cn.bstar.gale.boss.util.SnmpOp  - The index is 4 sysProcesses-1005
2014-07-22 14:00:56,888 - cn.bstar.gale.boss.util.SnmpOp -144891 [Timer-0] DEBUG cn.bstar.gale.boss.util.SnmpOp  - The index is 5 memTotalSwap-8191992
2014-07-22 14:00:56,888 - cn.bstar.gale.boss.util.SnmpOp -144891 [Timer-0] DEBUG cn.bstar.gale.boss.util.SnmpOp  - The index is 6 memAvailSwap-8191992
2014-07-22 14:00:56,888 - cn.bstar.gale.boss.util.SnmpOp -144891 [Timer-0] DEBUG cn.bstar.gale.boss.util.SnmpOp  - The index is 7 memTotalReal-49457876
2014-07-22 14:00:56,888 - cn.bstar.gale.boss.util.SnmpOp -144891 [Timer-0] DEBUG cn.bstar.gale.boss.util.SnmpOp  - The index is 8 memAvailReal-38128052
2014-07-22 14:00:56,888 - cn.bstar.gale.boss.util.SnmpOp -144891 [Timer-0] DEBUG cn.bstar.gale.boss.util.SnmpOp  - The index is 9 memBuffer-383636
2014-07-22 14:00:56,888 - cn.bstar.gale.boss.util.SnmpOp -144891 [Timer-0] DEBUG cn.bstar.gale.boss.util.SnmpOp  - The index is 10 memCached-2136348
2014-07-22 14:00:56,888 - cn.bstar.gale.boss.util.SnmpOp -144891 [Timer-0] DEBUG cn.bstar.gale.boss.util.SnmpOp  - The index is 11 diskTotal-100791728
2014-07-22 14:00:56,888 - cn.bstar.gale.boss.util.SnmpOp -144891 [Timer-0] DEBUG cn.bstar.gale.boss.util.SnmpOp  - The index is 12 diskAvail-78621664
2014-07-22 14:00:56,888 - cn.bstar.gale.boss.util.SnmpOp -144891 [Timer-0] DEBUG cn.bstar.gale.boss.util.SnmpOp  - The index is 13 cpuUsage-18
2014-07-22 14:00:56,889 - cn.bstar.gale.boss.util.SnmpOp -144892 [Timer-0] DEBUG cn.bstar.gale.boss.util.SnmpOp  - The index is 14 netFlow-2502153171
2014-07-22 14:01:11,845 - cn.bstar.gale.boss.util.SnmpOp -159848 [Timer-0] WARN  cn.bstar.gale.boss.util.SnmpOp  - SNMP request timed out
2014-07-22 14:51:59,841 - cn.bstar.gale.boss.util.SnmpOp -0    [Timer-0] INFO  cn.bstar.gale.boss.util.SnmpOp  - SNMP Connect to 192.168.20.131 response status: Success
2014-07-22 14:51:59,842 - cn.bstar.gale.boss.util.SnmpOp -1    [Timer-0] INFO  cn.bstar.gale.boss.util.SnmpOp  - responsePDU.size():15
2014-07-22 14:51:59,849 - cn.bstar.gale.boss.util.SnmpOp -8    [Timer-0] DEBUG cn.bstar.gale.boss.util.SnmpOp  - The index is 0 sysUpTime-4:11:07.49
2014-07-22 14:51:59,849 - cn.bstar.gale.boss.util.SnmpOp -8    [Timer-0] DEBUG cn.bstar.gale.boss.util.SnmpOp  - The index is 1 sysDescr-Linux node01 2.6.32-358.123.2.openstack.el6.x86_64 #1 SMP Thu Sep 26 17:14:58 EDT 2013 x86_64
2014-07-22 14:51:59,849 - cn.bstar.gale.boss.util.SnmpOp -8    [Timer-0] DEBUG cn.bstar.gale.boss.util.SnmpOp  - The index is 2 sysUpName-node01
2014-07-22 14:51:59,849 - cn.bstar.gale.boss.util.SnmpOp -8    [Timer-0] DEBUG cn.bstar.gale.boss.util.SnmpOp  - The index is 3 sysUserNums-3
2014-07-22 14:51:59,849 - cn.bstar.gale.boss.util.SnmpOp -8    [Timer-0] DEBUG cn.bstar.gale.boss.util.SnmpOp  - The index is 4 sysProcesses-1007
2014-07-22 14:51:59,850 - cn.bstar.gale.boss.util.SnmpOp -9    [Timer-0] DEBUG cn.bstar.gale.boss.util.SnmpOp  - The index is 5 memTotalSwap-8191992
2014-07-22 14:51:59,850 - cn.bstar.gale.boss.util.SnmpOp -9    [Timer-0] DEBUG cn.bstar.gale.boss.util.SnmpOp  - The index is 6 memAvailSwap-8191992
2014-07-22 14:51:59,850 - cn.bstar.gale.boss.util.SnmpOp -9    [Timer-0] DEBUG cn.bstar.gale.boss.util.SnmpOp  - The index is 7 memTotalReal-49457876
2014-07-22 14:51:59,850 - cn.bstar.gale.boss.util.SnmpOp -9    [Timer-0] DEBUG cn.bstar.gale.boss.util.SnmpOp  - The index is 8 memAvailReal-38050664
2014-07-22 14:51:59,850 - cn.bstar.gale.boss.util.SnmpOp -9    [Timer-0] DEBUG cn.bstar.gale.boss.util.SnmpOp  - The index is 9 memBuffer-383740
2014-07-22 14:51:59,850 - cn.bstar.gale.boss.util.SnmpOp -9    [Timer-0] DEBUG cn.bstar.gale.boss.util.SnmpOp  - The index is 10 memCached-2209016
2014-07-22 14:51:59,850 - cn.bstar.gale.boss.util.SnmpOp -9    [Timer-0] DEBUG cn.bstar.gale.boss.util.SnmpOp  - The index is 11 diskTotal-100791728
2014-07-22 14:51:59,850 - cn.bstar.gale.boss.util.SnmpOp -9    [Timer-0] DEBUG cn.bstar.gale.boss.util.SnmpOp  - The index is 12 diskAvail-78621280
2014-07-22 14:51:59,850 - cn.bstar.gale.boss.util.SnmpOp -9    [Timer-0] DEBUG cn.bstar.gale.boss.util.SnmpOp  - The index is 13 cpuUsage-18
2014-07-22 14:51:59,850 - cn.bstar.gale.boss.util.SnmpOp -9    [Timer-0] DEBUG cn.bstar.gale.boss.util.SnmpOp  - The index is 14 netFlow-2553302927
2014-07-22 14:52:04,690 - cn.bstar.gale.boss.util.SnmpOp -4849 [Timer-0] INFO  cn.bstar.gale.boss.util.SnmpOp  - SNMP Connect to 192.168.20.131 response status: Success
2014-07-22 14:52:04,690 - cn.bstar.gale.boss.util.SnmpOp -4849 [Timer-0] INFO  cn.bstar.gale.boss.util.SnmpOp  - responsePDU.size():30
2014-07-22 14:52:04,691 - cn.bstar.gale.boss.util.SnmpOp -4850 [Timer-0] DEBUG cn.bstar.gale.boss.util.SnmpOp  - The index is 0 sysUpTime-4:11:12.34
2014-07-22 14:52:04,692 - cn.bstar.gale.boss.util.SnmpOp -4851 [Timer-0] DEBUG cn.bstar.gale.boss.util.SnmpOp  - The index is 1 sysDescr-Linux node01 2.6.32-358.123.2.openstack.el6.x86_64 #1 SMP Thu Sep 26 17:14:58 EDT 2013 x86_64
2014-07-22 14:52:04,692 - cn.bstar.gale.boss.util.SnmpOp -4851 [Timer-0] DEBUG cn.bstar.gale.boss.util.SnmpOp  - The index is 2 sysUpName-node01
2014-07-22 14:52:04,692 - cn.bstar.gale.boss.util.SnmpOp -4851 [Timer-0] DEBUG cn.bstar.gale.boss.util.SnmpOp  - The index is 3 sysUserNums-3
2014-07-22 14:52:04,692 - cn.bstar.gale.boss.util.SnmpOp -4851 [Timer-0] DEBUG cn.bstar.gale.boss.util.SnmpOp  - The index is 4 sysProcesses-1007
2014-07-22 14:52:04,692 - cn.bstar.gale.boss.util.SnmpOp -4851 [Timer-0] DEBUG cn.bstar.gale.boss.util.SnmpOp  - The index is 5 memTotalSwap-8191992
2014-07-22 14:52:04,692 - cn.bstar.gale.boss.util.SnmpOp -4851 [Timer-0] DEBUG cn.bstar.gale.boss.util.SnmpOp  - The index is 6 memAvailSwap-8191992
2014-07-22 14:52:04,693 - cn.bstar.gale.boss.util.SnmpOp -4852 [Timer-0] DEBUG cn.bstar.gale.boss.util.SnmpOp  - The index is 7 memTotalReal-49457876
2014-07-22 14:52:04,693 - cn.bstar.gale.boss.util.SnmpOp -4852 [Timer-0] DEBUG cn.bstar.gale.boss.util.SnmpOp  - The index is 8 memAvailReal-38050664
2014-07-22 14:52:04,693 - cn.bstar.gale.boss.util.SnmpOp -4852 [Timer-0] DEBUG cn.bstar.gale.boss.util.SnmpOp  - The index is 9 memBuffer-383740
2014-07-22 14:52:04,693 - cn.bstar.gale.boss.util.SnmpOp -4852 [Timer-0] DEBUG cn.bstar.gale.boss.util.SnmpOp  - The index is 10 memCached-2209016
2014-07-22 14:52:04,693 - cn.bstar.gale.boss.util.SnmpOp -4852 [Timer-0] DEBUG cn.bstar.gale.boss.util.SnmpOp  - The index is 11 diskTotal-100791728
2014-07-22 14:52:04,693 - cn.bstar.gale.boss.util.SnmpOp -4852 [Timer-0] DEBUG cn.bstar.gale.boss.util.SnmpOp  - The index is 12 diskAvail-78621264
2014-07-22 14:52:04,694 - cn.bstar.gale.boss.util.SnmpOp -4853 [Timer-0] DEBUG cn.bstar.gale.boss.util.SnmpOp  - The index is 13 cpuUsage-18
2014-07-22 14:52:04,694 - cn.bstar.gale.boss.util.SnmpOp -4853 [Timer-0] DEBUG cn.bstar.gale.boss.util.SnmpOp  - The index is 14 netFlow-2553302927
2014-07-22 14:52:09,692 - cn.bstar.gale.boss.util.SnmpOp -9851 [Timer-0] INFO  cn.bstar.gale.boss.util.SnmpOp  - SNMP Connect to 192.168.20.131 response status: Success
2014-07-22 14:52:09,692 - cn.bstar.gale.boss.util.SnmpOp -9851 [Timer-0] INFO  cn.bstar.gale.boss.util.SnmpOp  - responsePDU.size():45
2014-07-22 14:52:09,693 - cn.bstar.gale.boss.util.SnmpOp -9852 [Timer-0] DEBUG cn.bstar.gale.boss.util.SnmpOp  - The index is 0 sysUpTime-4:11:17.35
2014-07-22 14:52:09,693 - cn.bstar.gale.boss.util.SnmpOp -9852 [Timer-0] DEBUG cn.bstar.gale.boss.util.SnmpOp  - The index is 1 sysDescr-Linux node01 2.6.32-358.123.2.openstack.el6.x86_64 #1 SMP Thu Sep 26 17:14:58 EDT 2013 x86_64
2014-07-22 14:52:09,693 - cn.bstar.gale.boss.util.SnmpOp -9852 [Timer-0] DEBUG cn.bstar.gale.boss.util.SnmpOp  - The index is 2 sysUpName-node01
2014-07-22 14:52:09,693 - cn.bstar.gale.boss.util.SnmpOp -9852 [Timer-0] DEBUG cn.bstar.gale.boss.util.SnmpOp  - The index is 3 sysUserNums-3
2014-07-22 14:52:09,694 - cn.bstar.gale.boss.util.SnmpOp -9853 [Timer-0] DEBUG cn.bstar.gale.boss.util.SnmpOp  - The index is 4 sysProcesses-1007
2014-07-22 14:52:09,694 - cn.bstar.gale.boss.util.SnmpOp -9853 [Timer-0] DEBUG cn.bstar.gale.boss.util.SnmpOp  - The index is 5 memTotalSwap-8191992
2014-07-22 14:52:09,694 - cn.bstar.gale.boss.util.SnmpOp -9853 [Timer-0] DEBUG cn.bstar.gale.boss.util.SnmpOp  - The index is 6 memAvailSwap-8191992
2014-07-22 14:52:09,694 - cn.bstar.gale.boss.util.SnmpOp -9853 [Timer-0] DEBUG cn.bstar.gale.boss.util.SnmpOp  - The index is 7 memTotalReal-49457876
2014-07-22 14:52:09,694 - cn.bstar.gale.boss.util.SnmpOp -9853 [Timer-0] DEBUG cn.bstar.gale.boss.util.SnmpOp  - The index is 8 memAvailReal-38049688
2014-07-22 14:52:09,694 - cn.bstar.gale.boss.util.SnmpOp -9853 [Timer-0] DEBUG cn.bstar.gale.boss.util.SnmpOp  - The index is 9 memBuffer-383740
2014-07-22 14:52:09,694 - cn.bstar.gale.boss.util.SnmpOp -9853 [Timer-0] DEBUG cn.bstar.gale.boss.util.SnmpOp  - The index is 10 memCached-2209036
2014-07-22 14:52:09,694 - cn.bstar.gale.boss.util.SnmpOp -9853 [Timer-0] DEBUG cn.bstar.gale.boss.util.SnmpOp  - The index is 11 diskTotal-100791728
2014-07-22 14:52:09,694 - cn.bstar.gale.boss.util.SnmpOp -9853 [Timer-0] DEBUG cn.bstar.gale.boss.util.SnmpOp  - The index is 12 diskAvail-78621288
2014-07-22 14:52:09,694 - cn.bstar.gale.boss.util.SnmpOp -9853 [Timer-0] DEBUG cn.bstar.gale.boss.util.SnmpOp  - The index is 13 cpuUsage-18
2014-07-22 14:52:09,695 - cn.bstar.gale.boss.util.SnmpOp -9854 [Timer-0] DEBUG cn.bstar.gale.boss.util.SnmpOp  - The index is 14 netFlow-2553494590
2014-07-22 14:52:14,702 - cn.bstar.gale.boss.util.SnmpOp -14861 [Timer-0] INFO  cn.bstar.gale.boss.util.SnmpOp  - SNMP Connect to 192.168.20.131 response status: Success
2014-07-22 14:52:14,702 - cn.bstar.gale.boss.util.SnmpOp -14861 [Timer-0] INFO  cn.bstar.gale.boss.util.SnmpOp  - responsePDU.size():60
2014-07-22 14:52:14,702 - cn.bstar.gale.boss.util.SnmpOp -14861 [Timer-0] DEBUG cn.bstar.gale.boss.util.SnmpOp  - The index is 0 sysUpTime-4:11:22.35
2014-07-22 14:52:14,702 - cn.bstar.gale.boss.util.SnmpOp -14861 [Timer-0] DEBUG cn.bstar.gale.boss.util.SnmpOp  - The index is 1 sysDescr-Linux node01 2.6.32-358.123.2.openstack.el6.x86_64 #1 SMP Thu Sep 26 17:14:58 EDT 2013 x86_64
2014-07-22 14:52:14,703 - cn.bstar.gale.boss.util.SnmpOp -14862 [Timer-0] DEBUG cn.bstar.gale.boss.util.SnmpOp  - The index is 2 sysUpName-node01
2014-07-22 14:52:14,703 - cn.bstar.gale.boss.util.SnmpOp -14862 [Timer-0] DEBUG cn.bstar.gale.boss.util.SnmpOp  - The index is 3 sysUserNums-3
2014-07-22 14:52:14,703 - cn.bstar.gale.boss.util.SnmpOp -14862 [Timer-0] DEBUG cn.bstar.gale.boss.util.SnmpOp  - The index is 4 sysProcesses-1007
2014-07-22 14:52:14,703 - cn.bstar.gale.boss.util.SnmpOp -14862 [Timer-0] DEBUG cn.bstar.gale.boss.util.SnmpOp  - The index is 5 memTotalSwap-8191992
2014-07-22 14:52:14,703 - cn.bstar.gale.boss.util.SnmpOp -14862 [Timer-0] DEBUG cn.bstar.gale.boss.util.SnmpOp  - The index is 6 memAvailSwap-8191992
2014-07-22 14:52:14,703 - cn.bstar.gale.boss.util.SnmpOp -14862 [Timer-0] DEBUG cn.bstar.gale.boss.util.SnmpOp  - The index is 7 memTotalReal-49457876
2014-07-22 14:52:14,703 - cn.bstar.gale.boss.util.SnmpOp -14862 [Timer-0] DEBUG cn.bstar.gale.boss.util.SnmpOp  - The index is 8 memAvailReal-38050704
2014-07-22 14:52:14,703 - cn.bstar.gale.boss.util.SnmpOp -14862 [Timer-0] DEBUG cn.bstar.gale.boss.util.SnmpOp  - The index is 9 memBuffer-383740
2014-07-22 14:52:14,703 - cn.bstar.gale.boss.util.SnmpOp -14862 [Timer-0] DEBUG cn.bstar.gale.boss.util.SnmpOp  - The index is 10 memCached-2209040
2014-07-22 14:52:14,703 - cn.bstar.gale.boss.util.SnmpOp -14862 [Timer-0] DEBUG cn.bstar.gale.boss.util.SnmpOp  - The index is 11 diskTotal-100791728
2014-07-22 14:52:14,703 - cn.bstar.gale.boss.util.SnmpOp -14862 [Timer-0] DEBUG cn.bstar.gale.boss.util.SnmpOp  - The index is 12 diskAvail-78621280
2014-07-22 14:52:14,703 - cn.bstar.gale.boss.util.SnmpOp -14862 [Timer-0] DEBUG cn.bstar.gale.boss.util.SnmpOp  - The index is 13 cpuUsage-18
2014-07-22 14:52:14,703 - cn.bstar.gale.boss.util.SnmpOp -14862 [Timer-0] DEBUG cn.bstar.gale.boss.util.SnmpOp  - The index is 14 netFlow-2553494590
2014-07-22 14:52:19,700 - cn.bstar.gale.boss.util.SnmpOp -19859 [Timer-0] INFO  cn.bstar.gale.boss.util.SnmpOp  - SNMP Connect to 192.168.20.131 response status: Success
2014-07-22 14:52:19,700 - cn.bstar.gale.boss.util.SnmpOp -19859 [Timer-0] INFO  cn.bstar.gale.boss.util.SnmpOp  - responsePDU.size():75
2014-07-22 14:52:19,700 - cn.bstar.gale.boss.util.SnmpOp -19859 [Timer-0] DEBUG cn.bstar.gale.boss.util.SnmpOp  - The index is 0 sysUpTime-4:11:27.35
2014-07-22 14:52:19,701 - cn.bstar.gale.boss.util.SnmpOp -19860 [Timer-0] DEBUG cn.bstar.gale.boss.util.SnmpOp  - The index is 1 sysDescr-Linux node01 2.6.32-358.123.2.openstack.el6.x86_64 #1 SMP Thu Sep 26 17:14:58 EDT 2013 x86_64
2014-07-22 14:52:19,701 - cn.bstar.gale.boss.util.SnmpOp -19860 [Timer-0] DEBUG cn.bstar.gale.boss.util.SnmpOp  - The index is 2 sysUpName-node01
2014-07-22 14:52:19,701 - cn.bstar.gale.boss.util.SnmpOp -19860 [Timer-0] DEBUG cn.bstar.gale.boss.util.SnmpOp  - The index is 3 sysUserNums-3
2014-07-22 14:52:19,701 - cn.bstar.gale.boss.util.SnmpOp -19860 [Timer-0] DEBUG cn.bstar.gale.boss.util.SnmpOp  - The index is 4 sysProcesses-1007
2014-07-22 14:52:19,701 - cn.bstar.gale.boss.util.SnmpOp -19860 [Timer-0] DEBUG cn.bstar.gale.boss.util.SnmpOp  - The index is 5 memTotalSwap-8191992
2014-07-22 14:52:19,701 - cn.bstar.gale.boss.util.SnmpOp -19860 [Timer-0] DEBUG cn.bstar.gale.boss.util.SnmpOp  - The index is 6 memAvailSwap-8191992
2014-07-22 14:52:19,701 - cn.bstar.gale.boss.util.SnmpOp -19860 [Timer-0] DEBUG cn.bstar.gale.boss.util.SnmpOp  - The index is 7 memTotalReal-49457876
2014-07-22 14:52:19,701 - cn.bstar.gale.boss.util.SnmpOp -19860 [Timer-0] DEBUG cn.bstar.gale.boss.util.SnmpOp  - The index is 8 memAvailReal-38050704
2014-07-22 14:52:19,701 - cn.bstar.gale.boss.util.SnmpOp -19860 [Timer-0] DEBUG cn.bstar.gale.boss.util.SnmpOp  - The index is 9 memBuffer-383740
2014-07-22 14:52:19,701 - cn.bstar.gale.boss.util.SnmpOp -19860 [Timer-0] DEBUG cn.bstar.gale.boss.util.SnmpOp  - The index is 10 memCached-2209040
2014-07-22 14:52:19,701 - cn.bstar.gale.boss.util.SnmpOp -19860 [Timer-0] DEBUG cn.bstar.gale.boss.util.SnmpOp  - The index is 11 diskTotal-100791728
2014-07-22 14:52:19,702 - cn.bstar.gale.boss.util.SnmpOp -19861 [Timer-0] DEBUG cn.bstar.gale.boss.util.SnmpOp  - The index is 12 diskAvail-78621280
2014-07-22 14:52:19,702 - cn.bstar.gale.boss.util.SnmpOp -19861 [Timer-0] DEBUG cn.bstar.gale.boss.util.SnmpOp  - The index is 13 cpuUsage-18
2014-07-22 14:52:19,702 - cn.bstar.gale.boss.util.SnmpOp -19861 [Timer-0] DEBUG cn.bstar.gale.boss.util.SnmpOp  - The index is 14 netFlow-2553494590
2014-07-22 14:52:24,705 - cn.bstar.gale.boss.util.SnmpOp -24864 [Timer-0] INFO  cn.bstar.gale.boss.util.SnmpOp  - SNMP Connect to 192.168.20.131 response status: Success
2014-07-22 14:52:24,705 - cn.bstar.gale.boss.util.SnmpOp -24864 [Timer-0] INFO  cn.bstar.gale.boss.util.SnmpOp  - responsePDU.size():90
2014-07-22 14:52:24,706 - cn.bstar.gale.boss.util.SnmpOp -24865 [Timer-0] DEBUG cn.bstar.gale.boss.util.SnmpOp  - The index is 0 sysUpTime-4:11:32.35
2014-07-22 14:52:24,707 - cn.bstar.gale.boss.util.SnmpOp -24866 [Timer-0] DEBUG cn.bstar.gale.boss.util.SnmpOp  - The index is 1 sysDescr-Linux node01 2.6.32-358.123.2.openstack.el6.x86_64 #1 SMP Thu Sep 26 17:14:58 EDT 2013 x86_64
2014-07-22 14:52:24,707 - cn.bstar.gale.boss.util.SnmpOp -24866 [Timer-0] DEBUG cn.bstar.gale.boss.util.SnmpOp  - The index is 2 sysUpName-node01
2014-07-22 14:52:24,707 - cn.bstar.gale.boss.util.SnmpOp -24866 [Timer-0] DEBUG cn.bstar.gale.boss.util.SnmpOp  - The index is 3 sysUserNums-3
2014-07-22 14:52:24,707 - cn.bstar.gale.boss.util.SnmpOp -24866 [Timer-0] DEBUG cn.bstar.gale.boss.util.SnmpOp  - The index is 4 sysProcesses-1011
2014-07-22 14:52:24,707 - cn.bstar.gale.boss.util.SnmpOp -24866 [Timer-0] DEBUG cn.bstar.gale.boss.util.SnmpOp  - The index is 5 memTotalSwap-8191992
2014-07-22 14:52:24,707 - cn.bstar.gale.boss.util.SnmpOp -24866 [Timer-0] DEBUG cn.bstar.gale.boss.util.SnmpOp  - The index is 6 memAvailSwap-8191992
2014-07-22 14:52:24,708 - cn.bstar.gale.boss.util.SnmpOp -24867 [Timer-0] DEBUG cn.bstar.gale.boss.util.SnmpOp  - The index is 7 memTotalReal-49457876
2014-07-22 14:52:24,708 - cn.bstar.gale.boss.util.SnmpOp -24867 [Timer-0] DEBUG cn.bstar.gale.boss.util.SnmpOp  - The index is 8 memAvailReal-38046992
2014-07-22 14:52:24,708 - cn.bstar.gale.boss.util.SnmpOp -24867 [Timer-0] DEBUG cn.bstar.gale.boss.util.SnmpOp  - The index is 9 memBuffer-383740
2014-07-22 14:52:24,708 - cn.bstar.gale.boss.util.SnmpOp -24867 [Timer-0] DEBUG cn.bstar.gale.boss.util.SnmpOp  - The index is 10 memCached-2209052
2014-07-22 14:52:24,708 - cn.bstar.gale.boss.util.SnmpOp -24867 [Timer-0] DEBUG cn.bstar.gale.boss.util.SnmpOp  - The index is 11 diskTotal-100791728
2014-07-22 14:52:24,709 - cn.bstar.gale.boss.util.SnmpOp -24868 [Timer-0] DEBUG cn.bstar.gale.boss.util.SnmpOp  - The index is 12 diskAvail-78621264
2014-07-22 14:52:24,709 - cn.bstar.gale.boss.util.SnmpOp -24868 [Timer-0] DEBUG cn.bstar.gale.boss.util.SnmpOp  - The index is 13 cpuUsage-18
2014-07-22 14:52:24,709 - cn.bstar.gale.boss.util.SnmpOp -24868 [Timer-0] DEBUG cn.bstar.gale.boss.util.SnmpOp  - The index is 14 netFlow-2553671714
2014-07-22 14:52:29,703 - cn.bstar.gale.boss.util.SnmpOp -29862 [Timer-0] INFO  cn.bstar.gale.boss.util.SnmpOp  - SNMP Connect to 192.168.20.131 response status: Success
2014-07-22 14:52:29,703 - cn.bstar.gale.boss.util.SnmpOp -29862 [Timer-0] INFO  cn.bstar.gale.boss.util.SnmpOp  - responsePDU.size():105
2014-07-22 14:52:29,704 - cn.bstar.gale.boss.util.SnmpOp -29863 [Timer-0] DEBUG cn.bstar.gale.boss.util.SnmpOp  - The index is 0 sysUpTime-4:11:37.35
2014-07-22 14:52:29,704 - cn.bstar.gale.boss.util.SnmpOp -29863 [Timer-0] DEBUG cn.bstar.gale.boss.util.SnmpOp  - The index is 1 sysDescr-Linux node01 2.6.32-358.123.2.openstack.el6.x86_64 #1 SMP Thu Sep 26 17:14:58 EDT 2013 x86_64
2014-07-22 14:52:29,704 - cn.bstar.gale.boss.util.SnmpOp -29863 [Timer-0] DEBUG cn.bstar.gale.boss.util.SnmpOp  - The index is 2 sysUpName-node01
2014-07-22 14:52:29,704 - cn.bstar.gale.boss.util.SnmpOp -29863 [Timer-0] DEBUG cn.bstar.gale.boss.util.SnmpOp  - The index is 3 sysUserNums-3
2014-07-22 14:52:29,704 - cn.bstar.gale.boss.util.SnmpOp -29863 [Timer-0] DEBUG cn.bstar.gale.boss.util.SnmpOp  - The index is 4 sysProcesses-1007
2014-07-22 14:52:29,704 - cn.bstar.gale.boss.util.SnmpOp -29863 [Timer-0] DEBUG cn.bstar.gale.boss.util.SnmpOp  - The index is 5 memTotalSwap-8191992
2014-07-22 14:52:29,704 - cn.bstar.gale.boss.util.SnmpOp -29863 [Timer-0] DEBUG cn.bstar.gale.boss.util.SnmpOp  - The index is 6 memAvailSwap-8191992
2014-07-22 14:52:29,704 - cn.bstar.gale.boss.util.SnmpOp -29863 [Timer-0] DEBUG cn.bstar.gale.boss.util.SnmpOp  - The index is 7 memTotalReal-49457876
2014-07-22 14:52:29,704 - cn.bstar.gale.boss.util.SnmpOp -29863 [Timer-0] DEBUG cn.bstar.gale.boss.util.SnmpOp  - The index is 8 memAvailReal-38046992
2014-07-22 14:52:29,704 - cn.bstar.gale.boss.util.SnmpOp -29863 [Timer-0] DEBUG cn.bstar.gale.boss.util.SnmpOp  - The index is 9 memBuffer-383740
2014-07-22 14:52:29,704 - cn.bstar.gale.boss.util.SnmpOp -29863 [Timer-0] DEBUG cn.bstar.gale.boss.util.SnmpOp  - The index is 10 memCached-2209052
2014-07-22 14:52:29,704 - cn.bstar.gale.boss.util.SnmpOp -29863 [Timer-0] DEBUG cn.bstar.gale.boss.util.SnmpOp  - The index is 11 diskTotal-100791728
2014-07-22 14:52:29,705 - cn.bstar.gale.boss.util.SnmpOp -29864 [Timer-0] DEBUG cn.bstar.gale.boss.util.SnmpOp  - The index is 12 diskAvail-78621248
2014-07-22 14:52:29,705 - cn.bstar.gale.boss.util.SnmpOp -29864 [Timer-0] DEBUG cn.bstar.gale.boss.util.SnmpOp  - The index is 13 cpuUsage-18
2014-07-22 14:52:29,705 - cn.bstar.gale.boss.util.SnmpOp -29864 [Timer-0] DEBUG cn.bstar.gale.boss.util.SnmpOp  - The index is 14 netFlow-2553671714
2014-07-22 14:52:34,718 - cn.bstar.gale.boss.util.SnmpOp -34877 [Timer-0] INFO  cn.bstar.gale.boss.util.SnmpOp  - SNMP Connect to 192.168.20.131 response status: Success
2014-07-22 14:52:34,718 - cn.bstar.gale.boss.util.SnmpOp -34877 [Timer-0] INFO  cn.bstar.gale.boss.util.SnmpOp  - responsePDU.size():120
2014-07-22 14:52:34,719 - cn.bstar.gale.boss.util.SnmpOp -34878 [Timer-0] DEBUG cn.bstar.gale.boss.util.SnmpOp  - The index is 0 sysUpTime-4:11:42.37
2014-07-22 14:52:34,719 - cn.bstar.gale.boss.util.SnmpOp -34878 [Timer-0] DEBUG cn.bstar.gale.boss.util.SnmpOp  - The index is 1 sysDescr-Linux node01 2.6.32-358.123.2.openstack.el6.x86_64 #1 SMP Thu Sep 26 17:14:58 EDT 2013 x86_64
2014-07-22 14:52:34,719 - cn.bstar.gale.boss.util.SnmpOp -34878 [Timer-0] DEBUG cn.bstar.gale.boss.util.SnmpOp  - The index is 2 sysUpName-node01
2014-07-22 14:52:34,719 - cn.bstar.gale.boss.util.SnmpOp -34878 [Timer-0] DEBUG cn.bstar.gale.boss.util.SnmpOp  - The index is 3 sysUserNums-3
2014-07-22 14:52:34,719 - cn.bstar.gale.boss.util.SnmpOp -34878 [Timer-0] DEBUG cn.bstar.gale.boss.util.SnmpOp  - The index is 4 sysProcesses-1007
2014-07-22 14:52:34,719 - cn.bstar.gale.boss.util.SnmpOp -34878 [Timer-0] DEBUG cn.bstar.gale.boss.util.SnmpOp  - The index is 5 memTotalSwap-8191992
2014-07-22 14:52:34,720 - cn.bstar.gale.boss.util.SnmpOp -34879 [Timer-0] DEBUG cn.bstar.gale.boss.util.SnmpOp  - The index is 6 memAvailSwap-8191992
2014-07-22 14:52:34,720 - cn.bstar.gale.boss.util.SnmpOp -34879 [Timer-0] DEBUG cn.bstar.gale.boss.util.SnmpOp  - The index is 7 memTotalReal-49457876
2014-07-22 14:52:34,720 - cn.bstar.gale.boss.util.SnmpOp -34879 [Timer-0] DEBUG cn.bstar.gale.boss.util.SnmpOp  - The index is 8 memAvailReal-38052224
2014-07-22 14:52:34,720 - cn.bstar.gale.boss.util.SnmpOp -34879 [Timer-0] DEBUG cn.bstar.gale.boss.util.SnmpOp  - The index is 9 memBuffer-383740
2014-07-22 14:52:34,720 - cn.bstar.gale.boss.util.SnmpOp -34879 [Timer-0] DEBUG cn.bstar.gale.boss.util.SnmpOp  - The index is 10 memCached-2209076
2014-07-22 14:52:34,720 - cn.bstar.gale.boss.util.SnmpOp -34879 [Timer-0] DEBUG cn.bstar.gale.boss.util.SnmpOp  - The index is 11 diskTotal-100791728
2014-07-22 14:52:34,720 - cn.bstar.gale.boss.util.SnmpOp -34879 [Timer-0] DEBUG cn.bstar.gale.boss.util.SnmpOp  - The index is 12 diskAvail-78621248
2014-07-22 14:52:34,720 - cn.bstar.gale.boss.util.SnmpOp -34879 [Timer-0] DEBUG cn.bstar.gale.boss.util.SnmpOp  - The index is 13 cpuUsage-18
2014-07-22 14:52:34,720 - cn.bstar.gale.boss.util.SnmpOp -34879 [Timer-0] DEBUG cn.bstar.gale.boss.util.SnmpOp  - The index is 14 netFlow-2553671714
2014-07-22 14:52:39,699 - cn.bstar.gale.boss.util.SnmpOp -39858 [Timer-0] INFO  cn.bstar.gale.boss.util.SnmpOp  - SNMP Connect to 192.168.20.131 response status: Success
2014-07-22 14:52:39,699 - cn.bstar.gale.boss.util.SnmpOp -39858 [Timer-0] INFO  cn.bstar.gale.boss.util.SnmpOp  - responsePDU.size():135
2014-07-22 14:52:39,700 - cn.bstar.gale.boss.util.SnmpOp -39859 [Timer-0] DEBUG cn.bstar.gale.boss.util.SnmpOp  - The index is 0 sysUpTime-4:11:47.35
2014-07-22 14:52:39,700 - cn.bstar.gale.boss.util.SnmpOp -39859 [Timer-0] DEBUG cn.bstar.gale.boss.util.SnmpOp  - The index is 1 sysDescr-Linux node01 2.6.32-358.123.2.openstack.el6.x86_64 #1 SMP Thu Sep 26 17:14:58 EDT 2013 x86_64
2014-07-22 14:52:39,700 - cn.bstar.gale.boss.util.SnmpOp -39859 [Timer-0] DEBUG cn.bstar.gale.boss.util.SnmpOp  - The index is 2 sysUpName-node01
2014-07-22 14:52:39,700 - cn.bstar.gale.boss.util.SnmpOp -39859 [Timer-0] DEBUG cn.bstar.gale.boss.util.SnmpOp  - The index is 3 sysUserNums-3
2014-07-22 14:52:39,700 - cn.bstar.gale.boss.util.SnmpOp -39859 [Timer-0] DEBUG cn.bstar.gale.boss.util.SnmpOp  - The index is 4 sysProcesses-1007
2014-07-22 14:52:39,701 - cn.bstar.gale.boss.util.SnmpOp -39860 [Timer-0] DEBUG cn.bstar.gale.boss.util.SnmpOp  - The index is 5 memTotalSwap-8191992
2014-07-22 14:52:39,701 - cn.bstar.gale.boss.util.SnmpOp -39860 [Timer-0] DEBUG cn.bstar.gale.boss.util.SnmpOp  - The index is 6 memAvailSwap-8191992
2014-07-22 14:52:39,701 - cn.bstar.gale.boss.util.SnmpOp -39860 [Timer-0] DEBUG cn.bstar.gale.boss.util.SnmpOp  - The index is 7 memTotalReal-49457876
2014-07-22 14:52:39,701 - cn.bstar.gale.boss.util.SnmpOp -39860 [Timer-0] DEBUG cn.bstar.gale.boss.util.SnmpOp  - The index is 8 memAvailReal-38052224
2014-07-22 14:52:39,701 - cn.bstar.gale.boss.util.SnmpOp -39860 [Timer-0] DEBUG cn.bstar.gale.boss.util.SnmpOp  - The index is 9 memBuffer-383740
2014-07-22 14:52:39,701 - cn.bstar.gale.boss.util.SnmpOp -39860 [Timer-0] DEBUG cn.bstar.gale.boss.util.SnmpOp  - The index is 10 memCached-2209076
2014-07-22 14:52:39,701 - cn.bstar.gale.boss.util.SnmpOp -39860 [Timer-0] DEBUG cn.bstar.gale.boss.util.SnmpOp  - The index is 11 diskTotal-100791728
2014-07-22 14:52:39,701 - cn.bstar.gale.boss.util.SnmpOp -39860 [Timer-0] DEBUG cn.bstar.gale.boss.util.SnmpOp  - The index is 12 diskAvail-78621264
2014-07-22 14:52:39,701 - cn.bstar.gale.boss.util.SnmpOp -39860 [Timer-0] DEBUG cn.bstar.gale.boss.util.SnmpOp  - The index is 13 cpuUsage-18
2014-07-22 14:52:39,702 - cn.bstar.gale.boss.util.SnmpOp -39861 [Timer-0] DEBUG cn.bstar.gale.boss.util.SnmpOp  - The index is 14 netFlow-2553870615
2014-07-22 14:52:44,698 - cn.bstar.gale.boss.util.SnmpOp -44857 [Timer-0] INFO  cn.bstar.gale.boss.util.SnmpOp  - SNMP Connect to 192.168.20.131 response status: Success
2014-07-22 14:52:44,698 - cn.bstar.gale.boss.util.SnmpOp -44857 [Timer-0] INFO  cn.bstar.gale.boss.util.SnmpOp  - responsePDU.size():150
2014-07-22 14:52:44,699 - cn.bstar.gale.boss.util.SnmpOp -44858 [Timer-0] DEBUG cn.bstar.gale.boss.util.SnmpOp  - The index is 0 sysUpTime-4:11:52.35
2014-07-22 14:52:44,699 - cn.bstar.gale.boss.util.SnmpOp -44858 [Timer-0] DEBUG cn.bstar.gale.boss.util.SnmpOp  - The index is 1 sysDescr-Linux node01 2.6.32-358.123.2.openstack.el6.x86_64 #1 SMP Thu Sep 26 17:14:58 EDT 2013 x86_64
2014-07-22 14:52:44,699 - cn.bstar.gale.boss.util.SnmpOp -44858 [Timer-0] DEBUG cn.bstar.gale.boss.util.SnmpOp  - The index is 2 sysUpName-node01
2014-07-22 14:52:44,699 - cn.bstar.gale.boss.util.SnmpOp -44858 [Timer-0] DEBUG cn.bstar.gale.boss.util.SnmpOp  - The index is 3 sysUserNums-3
2014-07-22 14:52:44,699 - cn.bstar.gale.boss.util.SnmpOp -44858 [Timer-0] DEBUG cn.bstar.gale.boss.util.SnmpOp  - The index is 4 sysProcesses-1007
2014-07-22 14:52:44,699 - cn.bstar.gale.boss.util.SnmpOp -44858 [Timer-0] DEBUG cn.bstar.gale.boss.util.SnmpOp  - The index is 5 memTotalSwap-8191992
2014-07-22 14:52:44,700 - cn.bstar.gale.boss.util.SnmpOp -44859 [Timer-0] DEBUG cn.bstar.gale.boss.util.SnmpOp  - The index is 6 memAvailSwap-8191992
2014-07-22 14:52:44,700 - cn.bstar.gale.boss.util.SnmpOp -44859 [Timer-0] DEBUG cn.bstar.gale.boss.util.SnmpOp  - The index is 7 memTotalReal-49457876
2014-07-22 14:52:44,700 - cn.bstar.gale.boss.util.SnmpOp -44859 [Timer-0] DEBUG cn.bstar.gale.boss.util.SnmpOp  - The index is 8 memAvailReal-38053236
2014-07-22 14:52:44,700 - cn.bstar.gale.boss.util.SnmpOp -44859 [Timer-0] DEBUG cn.bstar.gale.boss.util.SnmpOp  - The index is 9 memBuffer-383740
2014-07-22 14:52:44,700 - cn.bstar.gale.boss.util.SnmpOp -44859 [Timer-0] DEBUG cn.bstar.gale.boss.util.SnmpOp  - The index is 10 memCached-2209084
2014-07-22 14:52:44,700 - cn.bstar.gale.boss.util.SnmpOp -44859 [Timer-0] DEBUG cn.bstar.gale.boss.util.SnmpOp  - The index is 11 diskTotal-100791728
2014-07-22 14:52:44,700 - cn.bstar.gale.boss.util.SnmpOp -44859 [Timer-0] DEBUG cn.bstar.gale.boss.util.SnmpOp  - The index is 12 diskAvail-78621256
2014-07-22 14:52:44,700 - cn.bstar.gale.boss.util.SnmpOp -44859 [Timer-0] DEBUG cn.bstar.gale.boss.util.SnmpOp  - The index is 13 cpuUsage-18
2014-07-22 14:52:44,700 - cn.bstar.gale.boss.util.SnmpOp -44859 [Timer-0] DEBUG cn.bstar.gale.boss.util.SnmpOp  - The index is 14 netFlow-2553870615
